<?xml version="1.0" encoding="UTF-8"?>
<!-- Generated by org.testng.reporters.JUnitReportReporter -->
<testsuite hostname="DESKTOP-FA67FJP" failures="0" tests="1" name="com.qa.testCases.TC_RateGPS_001" time="46.766" errors="0" timestamp="2020-05-17T11:58:17 IST" skipped="0">
  <testcase classname="com.qa.testCases.TC_RateGPS_001" name="launchNMIPage" time="46.766"/>
  <system-out/>
</testsuite> <!-- com.qa.testCases.TC_RateGPS_001 -->
